<?xml version="1.0" encoding="UTF-8"?>
<!-- Generated by org.testng.reporters.JUnitXMLReporter -->
<testsuite ignored="4" hostname="DESKTOP-NIEC8VU" failures="0" tests="4" name="TestLP" time="28.843" errors="0" timestamp="2023-05-05T12:18:47 IST">
  <testcase classname="org.pageexec.LoginExec" name="login" time="1.19"/>
  <testcase classname="org.pageexec.SearchHotel" name="searchHotel" time="8.895"/>
  <testcase classname="org.pageexec.SearchHotel" name="selectHotel" time="2.047"/>
  <testcase classname="org.pageexec.BookHotel" name="bookHotel" time="8.937"/>
  <testcase classname="org.baseutils.BaseClass" name="@BeforeTest browserLaunch" time="0.0">
    <ignored/>
  </testcase> <!-- @BeforeTest browserLaunch -->
  <testcase classname="org.baseutils.BaseClass" name="@AfterTest closebrowser" time="0.0">
    <ignored/>
  </testcase> <!-- @AfterTest closebrowser -->
  <testcase classname="org.baseutils.BaseClass" name="@BeforeTest browserLaunch" time="0.0">
    <ignored/>
  </testcase> <!-- @BeforeTest browserLaunch -->
  <testcase classname="org.baseutils.BaseClass" name="@AfterTest closebrowser" time="0.0">
    <ignored/>
  </testcase> <!-- @AfterTest closebrowser -->
</testsuite> <!-- TestLP -->
