<?xml version="1.0" encoding="UTF-8"?>
<testng-results ignored="4" total="8" passed="4" failed="0" skipped="0">
  <reporter-output>
  </reporter-output>
  <suite started-at="2023-05-05T12:18:18 IST" name="SuiteLP" finished-at="2023-05-05T12:18:47 IST" duration-ms="28843">
    <groups>
    </groups>
    <test started-at="2023-05-05T12:18:18 IST" name="TestLP" finished-at="2023-05-05T12:18:47 IST" duration-ms="28843">
      <class name="org.pageexec.BookHotel">
        <test-method signature="bookHotel()[pri:0, instance:org.pageexec.BookHotel@7674f035]" started-at="2023-05-05T12:18:38 IST" name="bookHotel" finished-at="2023-05-05T12:18:47 IST" duration-ms="8937" status="PASS">
          <reporter-output>
          </reporter-output>
        </test-method> <!-- bookHotel -->
      </class> <!-- org.pageexec.BookHotel -->
      <class name="org.pageexec.SearchHotel">
        <test-method signature="searchHotel()[pri:0, instance:org.pageexec.SearchHotel@2cf3d63b]" started-at="2023-05-05T12:18:27 IST" name="searchHotel" finished-at="2023-05-05T12:18:36 IST" duration-ms="8895" status="PASS">
          <reporter-output>
          </reporter-output>
        </test-method> <!-- searchHotel -->
        <test-method signature="selectHotel()[pri:0, instance:org.pageexec.SearchHotel@2cf3d63b]" started-at="2023-05-05T12:18:36 IST" name="selectHotel" finished-at="2023-05-05T12:18:38 IST" duration-ms="2047" status="PASS">
          <reporter-output>
          </reporter-output>
        </test-method> <!-- selectHotel -->
      </class> <!-- org.pageexec.SearchHotel -->
      <class name="org.pageexec.LoginExec">
        <test-method is-config="true" signature="browserLaunch()[pri:0, instance:org.pageexec.LoginExec@5b1669c0]" started-at="2023-05-05T12:18:18 IST" name="browserLaunch" finished-at="2023-05-05T12:18:22 IST" duration-ms="3634" status="PASS">
          <reporter-output>
          </reporter-output>
        </test-method> <!-- browserLaunch -->
        <test-method is-config="true" signature="url(java.lang.String)[pri:0, instance:org.pageexec.LoginExec@5b1669c0]" started-at="2023-05-05T12:18:22 IST" name="url" finished-at="2023-05-05T12:18:26 IST" duration-ms="4018" status="PASS">
          <params>
            <param index="0">
              <value>
                <![CDATA[https://adactinhotelapp.com/]]>
              </value>
            </param>
          </params>
          <reporter-output>
          </reporter-output>
        </test-method> <!-- url -->
        <test-method signature="login()[pri:0, instance:org.pageexec.LoginExec@5b1669c0]" started-at="2023-05-05T12:18:26 IST" name="login" finished-at="2023-05-05T12:18:27 IST" duration-ms="1190" status="PASS">
          <reporter-output>
          </reporter-output>
        </test-method> <!-- login -->
        <test-method is-config="true" signature="closebrowser()[pri:0, instance:org.pageexec.LoginExec@5b1669c0]" started-at="2023-05-05T12:18:47 IST" name="closebrowser" finished-at="2023-05-05T12:18:47 IST" duration-ms="1" status="PASS">
          <reporter-output>
          </reporter-output>
        </test-method> <!-- closebrowser -->
      </class> <!-- org.pageexec.LoginExec -->
    </test> <!-- TestLP -->
  </suite> <!-- SuiteLP -->
</testng-results>
